<?xml version="1.0" encoding="UTF-8"?>
<testsuite xmlns:xsi="http://www.w3.org/2001/XMLSchema-instance" xsi:noNamespaceSchemaLocation="https://maven.apache.org/surefire/maven-surefire-plugin/xsd/surefire-test-report-3.0.xsd" version="3.0" name="org.apache.commons.io.IOUtilsTestCase" time="1.788" tests="116" errors="0" skipped="1" failures="0">
  <properties>
    <property name="java.specification.version" value="17"/>
    <property name="sun.jnu.encoding" value="UTF-8"/>
    <property name="java.class.path" value="/Users/alihanni/Desktop/GitHub/SOEN/SOEN345/A1/commons-io-2.11.0-src/target/test-classes:/Users/alihanni/Desktop/GitHub/SOEN/SOEN345/A1/commons-io-2.11.0-src/target/classes:/Users/alihanni/.m2/repository/org/junit/jupiter/junit-jupiter/5.7.2/junit-jupiter-5.7.2.jar:/Users/alihanni/.m2/repository/org/junit/jupiter/junit-jupiter-api/5.7.2/junit-jupiter-api-5.7.2.jar:/Users/alihanni/.m2/repository/org/apiguardian/apiguardian-api/1.1.0/apiguardian-api-1.1.0.jar:/Users/alihanni/.m2/repository/org/opentest4j/opentest4j/1.2.0/opentest4j-1.2.0.jar:/Users/alihanni/.m2/repository/org/junit/jupiter/junit-jupiter-params/5.7.2/junit-jupiter-params-5.7.2.jar:/Users/alihanni/.m2/repository/org/junit/jupiter/junit-jupiter-engine/5.7.2/junit-jupiter-engine-5.7.2.jar:/Users/alihanni/.m2/repository/org/junit/platform/junit-platform-engine/1.7.2/junit-platform-engine-1.7.2.jar:/Users/alihanni/.m2/repository/org/junit-pioneer/junit-pioneer/1.4.2/junit-pioneer-1.4.2.jar:/Users/alihanni/.m2/repository/org/junit/platform/junit-platform-commons/1.7.2/junit-platform-commons-1.7.2.jar:/Users/alihanni/.m2/repository/org/junit/platform/junit-platform-launcher/1.7.2/junit-platform-launcher-1.7.2.jar:/Users/alihanni/.m2/repository/org/mockito/mockito-inline/3.11.2/mockito-inline-3.11.2.jar:/Users/alihanni/.m2/repository/org/mockito/mockito-core/3.11.2/mockito-core-3.11.2.jar:/Users/alihanni/.m2/repository/net/bytebuddy/byte-buddy/1.11.3/byte-buddy-1.11.3.jar:/Users/alihanni/.m2/repository/net/bytebuddy/byte-buddy-agent/1.11.3/byte-buddy-agent-1.11.3.jar:/Users/alihanni/.m2/repository/org/objenesis/objenesis/3.2/objenesis-3.2.jar:/Users/alihanni/.m2/repository/com/google/jimfs/jimfs/1.2/jimfs-1.2.jar:/Users/alihanni/.m2/repository/com/google/guava/guava/30.1-android/guava-30.1-android.jar:/Users/alihanni/.m2/repository/com/google/guava/failureaccess/1.0.1/failureaccess-1.0.1.jar:/Users/alihanni/.m2/repository/com/google/guava/listenablefuture/9999.0-empty-to-avoid-conflict-with-guava/listenablefuture-9999.0-empty-to-avoid-conflict-with-guava.jar:/Users/alihanni/.m2/repository/com/google/code/findbugs/jsr305/3.0.2/jsr305-3.0.2.jar:/Users/alihanni/.m2/repository/org/checkerframework/checker-compat-qual/2.5.5/checker-compat-qual-2.5.5.jar:/Users/alihanni/.m2/repository/com/google/errorprone/error_prone_annotations/2.3.4/error_prone_annotations-2.3.4.jar:/Users/alihanni/.m2/repository/com/google/j2objc/j2objc-annotations/1.3/j2objc-annotations-1.3.jar:/Users/alihanni/.m2/repository/org/apache/commons/commons-lang3/3.12.0/commons-lang3-3.12.0.jar:/Users/alihanni/.m2/repository/org/openjdk/jmh/jmh-core/1.32/jmh-core-1.32.jar:/Users/alihanni/.m2/repository/net/sf/jopt-simple/jopt-simple/4.6/jopt-simple-4.6.jar:/Users/alihanni/.m2/repository/org/apache/commons/commons-math3/3.2/commons-math3-3.2.jar:/Users/alihanni/.m2/repository/org/openjdk/jmh/jmh-generator-annprocess/1.32/jmh-generator-annprocess-1.32.jar:/Users/alihanni/.m2/repository/org/openclover/clover/4.4.1/clover-4.4.1.jar:/var/folders/nd/pwf6k_5x03bgx9f56jf1l1t00000gn/T/grover3525541385524092038.jar:"/>
    <property name="java.vm.vendor" value="Homebrew"/>
    <property name="sun.arch.data.model" value="64"/>
    <property name="java.vendor.url" value="https://github.com/Homebrew/homebrew-core/issues"/>
    <property name="os.name" value="Mac OS X"/>
    <property name="java.vm.specification.version" value="17"/>
    <property name="sun.java.launcher" value="SUN_STANDARD"/>
    <property name="user.country" value="CA"/>
    <property name="sun.boot.library.path" value="/usr/local/Cellar/openjdk/17.0.1_1/libexec/openjdk.jdk/Contents/Home/lib"/>
    <property name="sun.java.command" value="/Users/alihanni/Desktop/GitHub/SOEN/SOEN345/A1/commons-io-2.11.0-src/target/surefire/surefirebooter17050440696401307536.jar /Users/alihanni/Desktop/GitHub/SOEN/SOEN345/A1/commons-io-2.11.0-src/target/surefire 2022-01-19T13-20-27_657-jvmRun1 surefire3513878263528540720tmp surefire_1456592186599985627033tmp"/>
    <property name="http.nonProxyHosts" value="local|*.local|169.254/16|*.169.254/16"/>
    <property name="jdk.debug" value="release"/>
    <property name="surefire.test.class.path" value="/Users/alihanni/Desktop/GitHub/SOEN/SOEN345/A1/commons-io-2.11.0-src/target/test-classes:/Users/alihanni/Desktop/GitHub/SOEN/SOEN345/A1/commons-io-2.11.0-src/target/classes:/Users/alihanni/.m2/repository/org/junit/jupiter/junit-jupiter/5.7.2/junit-jupiter-5.7.2.jar:/Users/alihanni/.m2/repository/org/junit/jupiter/junit-jupiter-api/5.7.2/junit-jupiter-api-5.7.2.jar:/Users/alihanni/.m2/repository/org/apiguardian/apiguardian-api/1.1.0/apiguardian-api-1.1.0.jar:/Users/alihanni/.m2/repository/org/opentest4j/opentest4j/1.2.0/opentest4j-1.2.0.jar:/Users/alihanni/.m2/repository/org/junit/jupiter/junit-jupiter-params/5.7.2/junit-jupiter-params-5.7.2.jar:/Users/alihanni/.m2/repository/org/junit/jupiter/junit-jupiter-engine/5.7.2/junit-jupiter-engine-5.7.2.jar:/Users/alihanni/.m2/repository/org/junit/platform/junit-platform-engine/1.7.2/junit-platform-engine-1.7.2.jar:/Users/alihanni/.m2/repository/org/junit-pioneer/junit-pioneer/1.4.2/junit-pioneer-1.4.2.jar:/Users/alihanni/.m2/repository/org/junit/platform/junit-platform-commons/1.7.2/junit-platform-commons-1.7.2.jar:/Users/alihanni/.m2/repository/org/junit/platform/junit-platform-launcher/1.7.2/junit-platform-launcher-1.7.2.jar:/Users/alihanni/.m2/repository/org/mockito/mockito-inline/3.11.2/mockito-inline-3.11.2.jar:/Users/alihanni/.m2/repository/org/mockito/mockito-core/3.11.2/mockito-core-3.11.2.jar:/Users/alihanni/.m2/repository/net/bytebuddy/byte-buddy/1.11.3/byte-buddy-1.11.3.jar:/Users/alihanni/.m2/repository/net/bytebuddy/byte-buddy-agent/1.11.3/byte-buddy-agent-1.11.3.jar:/Users/alihanni/.m2/repository/org/objenesis/objenesis/3.2/objenesis-3.2.jar:/Users/alihanni/.m2/repository/com/google/jimfs/jimfs/1.2/jimfs-1.2.jar:/Users/alihanni/.m2/repository/com/google/guava/guava/30.1-android/guava-30.1-android.jar:/Users/alihanni/.m2/repository/com/google/guava/failureaccess/1.0.1/failureaccess-1.0.1.jar:/Users/alihanni/.m2/repository/com/google/guava/listenablefuture/9999.0-empty-to-avoid-conflict-with-guava/listenablefuture-9999.0-empty-to-avoid-conflict-with-guava.jar:/Users/alihanni/.m2/repository/com/google/code/findbugs/jsr305/3.0.2/jsr305-3.0.2.jar:/Users/alihanni/.m2/repository/org/checkerframework/checker-compat-qual/2.5.5/checker-compat-qual-2.5.5.jar:/Users/alihanni/.m2/repository/com/google/errorprone/error_prone_annotations/2.3.4/error_prone_annotations-2.3.4.jar:/Users/alihanni/.m2/repository/com/google/j2objc/j2objc-annotations/1.3/j2objc-annotations-1.3.jar:/Users/alihanni/.m2/repository/org/apache/commons/commons-lang3/3.12.0/commons-lang3-3.12.0.jar:/Users/alihanni/.m2/repository/org/openjdk/jmh/jmh-core/1.32/jmh-core-1.32.jar:/Users/alihanni/.m2/repository/net/sf/jopt-simple/jopt-simple/4.6/jopt-simple-4.6.jar:/Users/alihanni/.m2/repository/org/apache/commons/commons-math3/3.2/commons-math3-3.2.jar:/Users/alihanni/.m2/repository/org/openjdk/jmh/jmh-generator-annprocess/1.32/jmh-generator-annprocess-1.32.jar:/Users/alihanni/.m2/repository/org/openclover/clover/4.4.1/clover-4.4.1.jar:/var/folders/nd/pwf6k_5x03bgx9f56jf1l1t00000gn/T/grover3525541385524092038.jar:"/>
    <property name="sun.cpu.endian" value="little"/>
    <property name="user.home" value="/Users/alihanni"/>
    <property name="user.language" value="en"/>
    <property name="java.specification.vendor" value="Oracle Corporation"/>
    <property name="java.version.date" value="2021-10-19"/>
    <property name="java.home" value="/usr/local/Cellar/openjdk/17.0.1_1/libexec/openjdk.jdk/Contents/Home"/>
    <property name="file.separator" value="/"/>
    <property name="basedir" value="/Users/alihanni/Desktop/GitHub/SOEN/SOEN345/A1/commons-io-2.11.0-src"/>
    <property name="java.vm.compressedOopsMode" value="Zero based"/>
    <property name="line.separator" value="&#10;"/>
    <property name="java.specification.name" value="Java Platform API Specification"/>
    <property name="java.vm.specification.vendor" value="Oracle Corporation"/>
    <property name="surefire.real.class.path" value="/Users/alihanni/Desktop/GitHub/SOEN/SOEN345/A1/commons-io-2.11.0-src/target/surefire/surefirebooter17050440696401307536.jar"/>
    <property name="sun.management.compiler" value="HotSpot 64-Bit Tiered Compilers"/>
    <property name="ftp.nonProxyHosts" value="local|*.local|169.254/16|*.169.254/16"/>
    <property name="java.runtime.version" value="17.0.1+1"/>
    <property name="user.name" value="alihanni"/>
    <property name="path.separator" value=":"/>
    <property name="os.version" value="10.15.7"/>
    <property name="java.runtime.name" value="OpenJDK Runtime Environment"/>
    <property name="file.encoding" value="UTF-8"/>
    <property name="java.vm.name" value="OpenJDK 64-Bit Server VM"/>
    <property name="java.vendor.version" value="Homebrew"/>
    <property name="localRepository" value="/Users/alihanni/.m2/repository"/>
    <property name="java.vendor.url.bug" value="https://github.com/Homebrew/homebrew-core/issues"/>
    <property name="java.io.tmpdir" value="/var/folders/nd/pwf6k_5x03bgx9f56jf1l1t00000gn/T/"/>
    <property name="java.version" value="17.0.1"/>
    <property name="user.dir" value="/Users/alihanni/Desktop/GitHub/SOEN/SOEN345/A1/commons-io-2.11.0-src"/>
    <property name="os.arch" value="x86_64"/>
    <property name="java.vm.specification.name" value="Java Virtual Machine Specification"/>
    <property name="native.encoding" value="UTF-8"/>
    <property name="java.library.path" value="/Users/alihanni/Library/Java/Extensions:/Library/Java/Extensions:/Network/Library/Java/Extensions:/System/Library/Java/Extensions:/usr/lib/java:."/>
    <property name="java.vm.info" value="mixed mode, sharing"/>
    <property name="java.vendor" value="Homebrew"/>
    <property name="java.vm.version" value="17.0.1+1"/>
    <property name="sun.io.unicode.encoding" value="UnicodeBig"/>
    <property name="socksNonProxyHosts" value="local|*.local|169.254/16|*.169.254/16"/>
    <property name="java.class.version" value="61.0"/>
  </properties>
  <testcase name="testToCharArray_Reader" classname="org.apache.commons.io.IOUtilsTestCase" time="0.247"/>
  <testcase name="testResourceToString_ExistingResourceAtSubPackage" classname="org.apache.commons.io.IOUtilsTestCase" time="0.015"/>
  <testcase name="testToString_InputStream" classname="org.apache.commons.io.IOUtilsTestCase" time="0.005"/>
  <testcase name="testResourceToString_NonExistingResource" classname="org.apache.commons.io.IOUtilsTestCase" time="0.011"/>
  <testcase name="testResourceToByteArray_ExistingResourceAtSubPackage" classname="org.apache.commons.io.IOUtilsTestCase" time="0.021"/>
  <testcase name="testContentEqualsIgnoreEOL" classname="org.apache.commons.io.IOUtilsTestCase" time="0.009"/>
  <testcase name="testResourceToString_NonExistingResource_WithClassLoader" classname="org.apache.commons.io.IOUtilsTestCase" time="0.005"/>
  <testcase name="testCopyLarge_FullLength" classname="org.apache.commons.io.IOUtilsTestCase" time="0.006"/>
  <testcase name="testCloseConsumer" classname="org.apache.commons.io.IOUtilsTestCase" time="0.028"/>
  <testcase name="testCloseQuietly_SelectorNull" classname="org.apache.commons.io.IOUtilsTestCase" time="0.028"/>
  <testcase name="testCopy_String_Writer" classname="org.apache.commons.io.IOUtilsTestCase" time="0.042"/>
  <testcase name="testToByteArray_InputStream_NegativeSize" classname="org.apache.commons.io.IOUtilsTestCase" time="0.018"/>
  <testcase name="testToString_Reader" classname="org.apache.commons.io.IOUtilsTestCase" time="0.01"/>
  <testcase name="testReadFully_InputStream_Offset" classname="org.apache.commons.io.IOUtilsTestCase" time="0.022"/>
  <testcase name="testCopyLarge_CharExtraLength" classname="org.apache.commons.io.IOUtilsTestCase" time="0.007"/>
  <testcase name="testResourceToString_NullCharset" classname="org.apache.commons.io.IOUtilsTestCase" time="0.008"/>
  <testcase name="testSkip_ReadableByteChannel" classname="org.apache.commons.io.IOUtilsTestCase" time="0.004"/>
  <testcase name="testAsBufferedReaderWithBufferSize" classname="org.apache.commons.io.IOUtilsTestCase" time="0.006"/>
  <testcase name="testSkipFully_Reader" classname="org.apache.commons.io.IOUtilsTestCase" time="0.005"/>
  <testcase name="testToString_URL_CharsetNameNull" classname="org.apache.commons.io.IOUtilsTestCase" time="0.006"/>
  <testcase name="testResourceToString_ExistingResourceAtRootPackage" classname="org.apache.commons.io.IOUtilsTestCase" time="0.006"/>
  <testcase name="testToInputStream_String" classname="org.apache.commons.io.IOUtilsTestCase" time="0.004"/>
  <testcase name="testClose" classname="org.apache.commons.io.IOUtilsTestCase" time="0.01"/>
  <testcase name="testToByteArray_URI" classname="org.apache.commons.io.IOUtilsTestCase" time="0.003"/>
  <testcase name="testToByteArray_URL" classname="org.apache.commons.io.IOUtilsTestCase" time="0.005"/>
  <testcase name="testAsBufferedOutputStreamWithBufferSize" classname="org.apache.commons.io.IOUtilsTestCase" time="0.005"/>
  <testcase name="testToString_URL_CharsetName" classname="org.apache.commons.io.IOUtilsTestCase" time="0.006"/>
  <testcase name="testToByteArray_InputStream_SizeLong" classname="org.apache.commons.io.IOUtilsTestCase" time="0.005"/>
  <testcase name="testToByteArray_InputStream_SizeZero" classname="org.apache.commons.io.IOUtilsTestCase" time="0.006"/>
  <testcase name="testCloseQuietly_Socket" classname="org.apache.commons.io.IOUtilsTestCase" time="0.022"/>
  <testcase name="testToByteArray_InputStream_LongerThanIntegerMaxValue" classname="org.apache.commons.io.IOUtilsTestCase" time="0">
    <skipped message="Disable by default as it uses too much memory and can cause builds to fail."/>
  </testcase>
  <testcase name="testToString_ByteArray" classname="org.apache.commons.io.IOUtilsTestCase" time="0.006"/>
  <testcase name="testToString_URI_CharsetNameNull" classname="org.apache.commons.io.IOUtilsTestCase" time="0.006"/>
  <testcase name="testCopy_ByteArray_Writer" classname="org.apache.commons.io.IOUtilsTestCase" time="0.01"/>
  <testcase name="testToByteArray_InputStream_SizeOne" classname="org.apache.commons.io.IOUtilsTestCase" time="0.004"/>
  <testcase name="testCopyLarge_NoSkip" classname="org.apache.commons.io.IOUtilsTestCase" time="0.004"/>
  <testcase name="testToInputStream_CharSequence" classname="org.apache.commons.io.IOUtilsTestCase" time="0.006"/>
  <testcase name="testSkip_InputStream" classname="org.apache.commons.io.IOUtilsTestCase" time="0.003"/>
  <testcase name="testCloseQuietly_SelectorIOException" classname="org.apache.commons.io.IOUtilsTestCase" time="0.006"/>
  <testcase name="testResourceToURL_Null" classname="org.apache.commons.io.IOUtilsTestCase" time="0.006"/>
  <testcase name="testAsBufferedWriterWithBufferSize" classname="org.apache.commons.io.IOUtilsTestCase" time="0.004"/>
  <testcase name="testResourceToURL_NonExistingResource" classname="org.apache.commons.io.IOUtilsTestCase" time="0.006"/>
  <testcase name="testAsBufferedReader" classname="org.apache.commons.io.IOUtilsTestCase" time="0.004"/>
  <testcase name="testToByteArray_InputStream" classname="org.apache.commons.io.IOUtilsTestCase" time="0.011"/>
  <testcase name="testCopyLarge_CharFullLength" classname="org.apache.commons.io.IOUtilsTestCase" time="0.004"/>
  <testcase name="testAsBufferedWriter" classname="org.apache.commons.io.IOUtilsTestCase" time="0.003"/>
  <testcase name="testAsWriterStringBuilder" classname="org.apache.commons.io.IOUtilsTestCase" time="0.003"/>
  <testcase name="testResourceToURL_ExistingResourceAtRootPackage_WithClassLoader" classname="org.apache.commons.io.IOUtilsTestCase" time="0.005"/>
  <testcase name="testResourceToURL_NonExistingResource_WithClassLoader" classname="org.apache.commons.io.IOUtilsTestCase" time="0.008"/>
  <testcase name="testResourceToByteArray_NonExistingResource_WithClassLoader" classname="org.apache.commons.io.IOUtilsTestCase" time="0.006"/>
  <testcase name="testToString_URI_CharsetName" classname="org.apache.commons.io.IOUtilsTestCase" time="0.006"/>
  <testcase name="testCloseQuietly_SocketIOException" classname="org.apache.commons.io.IOUtilsTestCase" time="0.004"/>
  <testcase name="testSkipFully_ReadableByteChannel" classname="org.apache.commons.io.IOUtilsTestCase" time="0.004"/>
  <testcase name="testToByteArray_InputStream_Size" classname="org.apache.commons.io.IOUtilsTestCase" time="0.007"/>
  <testcase name="testCopyLarge_SkipInvalid" classname="org.apache.commons.io.IOUtilsTestCase" time="0.005"/>
  <testcase name="testResourceToByteArray_Null" classname="org.apache.commons.io.IOUtilsTestCase" time="0.005"/>
  <testcase name="testCopyLarge_CharNoSkip" classname="org.apache.commons.io.IOUtilsTestCase" time="0.006"/>
  <testcase name="testAsWriterAppendable" classname="org.apache.commons.io.IOUtilsTestCase" time="0.007"/>
  <testcase name="testResourceToString_NullCharset_WithClassLoader" classname="org.apache.commons.io.IOUtilsTestCase" time="0.005"/>
  <testcase name="testResourceToByteArray_ExistingResourceAtRootPackage_WithClassLoader" classname="org.apache.commons.io.IOUtilsTestCase" time="0.007"/>
  <testcase name="testCopy_ByteArray_OutputStream" classname="org.apache.commons.io.IOUtilsTestCase" time="0.009"/>
  <testcase name="testResourceToByteArray_ExistingResourceAtSubPackage_WithClassLoader" classname="org.apache.commons.io.IOUtilsTestCase" time="0.004"/>
  <testcase name="testSkip_FileReader" classname="org.apache.commons.io.IOUtilsTestCase" time="0.007"/>
  <testcase name="testConstants" classname="org.apache.commons.io.IOUtilsTestCase" time="0.009"/>
  <testcase name="testReadFully_InputStream__ReturnByteArray" classname="org.apache.commons.io.IOUtilsTestCase" time="0.009"/>
  <testcase name="testReadLines_Reader" classname="org.apache.commons.io.IOUtilsTestCase" time="0.009"/>
  <testcase name="testAsBufferedOutputStream" classname="org.apache.commons.io.IOUtilsTestCase" time="0.012"/>
  <testcase name="testAsBufferedNull" classname="org.apache.commons.io.IOUtilsTestCase" time="0.005"/>
  <testcase name="testSkipFully_InputStream" classname="org.apache.commons.io.IOUtilsTestCase" time="0.009"/>
  <testcase name="testCloseQuietly_SelectorTwice" classname="org.apache.commons.io.IOUtilsTestCase" time="0.018"/>
  <testcase name="testStringToOutputStream" classname="org.apache.commons.io.IOUtilsTestCase" time="0.008"/>
  <testcase name="testConsume" classname="org.apache.commons.io.IOUtilsTestCase" time="0.52"/>
  <testcase name="testReadFully_Reader_Offset" classname="org.apache.commons.io.IOUtilsTestCase" time="0.003"/>
  <testcase name="testCloseQuietly_ServerSocketIOException" classname="org.apache.commons.io.IOUtilsTestCase" time="0.004"/>
  <testcase name="testResourceToString_NullResource_WithClassLoader" classname="org.apache.commons.io.IOUtilsTestCase" time="0.005"/>
  <testcase name="testCopyLarge_ExtraLength" classname="org.apache.commons.io.IOUtilsTestCase" time="0.005"/>
  <testcase name="testCopyLarge_Skip" classname="org.apache.commons.io.IOUtilsTestCase" time="0.006"/>
  <testcase name="testRead_ReadableByteChannel" classname="org.apache.commons.io.IOUtilsTestCase" time="0.004"/>
  <testcase name="testToBufferedInputStream_InputStream" classname="org.apache.commons.io.IOUtilsTestCase" time="0.014"/>
  <testcase name="testCloseQuietly_Selector" classname="org.apache.commons.io.IOUtilsTestCase" time="0.004"/>
  <testcase name="testCloseQuietly_AllCloseableIOException" classname="org.apache.commons.io.IOUtilsTestCase" time="0.004"/>
  <testcase name="testContentEquals_Reader_Reader" classname="org.apache.commons.io.IOUtilsTestCase" time="0.004"/>
  <testcase name="testAsBufferedInputStreamWithBufferSize" classname="org.apache.commons.io.IOUtilsTestCase" time="0.007"/>
  <testcase name="testAsBufferedInputStream" classname="org.apache.commons.io.IOUtilsTestCase" time="0.004"/>
  <testcase name="testReadFully_InputStream_ByteArray" classname="org.apache.commons.io.IOUtilsTestCase" time="0.004"/>
  <testcase name="testToByteArray_Reader" classname="org.apache.commons.io.IOUtilsTestCase" time="0.006"/>
  <testcase name="testToCharArray_InputStream" classname="org.apache.commons.io.IOUtilsTestCase" time="0.008"/>
  <testcase name="testReadLines_InputStream" classname="org.apache.commons.io.IOUtilsTestCase" time="0.007"/>
  <testcase name="testToByteArray_String" classname="org.apache.commons.io.IOUtilsTestCase" time="0.006"/>
  <testcase name="testCopyLarge_CharSkip" classname="org.apache.commons.io.IOUtilsTestCase" time="0.004"/>
  <testcase name="testReadFully_ReadableByteChannel" classname="org.apache.commons.io.IOUtilsTestCase" time="0.005"/>
  <testcase name="testResourceToString_ExistingResourceAtSubPackage_WithClassLoader" classname="org.apache.commons.io.IOUtilsTestCase" time="0.005"/>
  <testcase name="testResourceToURL_ExistingResourceAtRootPackage" classname="org.apache.commons.io.IOUtilsTestCase" time="0.003"/>
  <testcase name="testCopyLarge_SkipWithInvalidOffset" classname="org.apache.commons.io.IOUtilsTestCase" time="0.006"/>
  <testcase name="testResourceToURL_ExistingResourceAtSubPackage_WithClassLoader" classname="org.apache.commons.io.IOUtilsTestCase" time="0.005"/>
  <testcase name="testResourceToString_NullResource" classname="org.apache.commons.io.IOUtilsTestCase" time="0.005"/>
  <testcase name="testToByteArray_URLConnection" classname="org.apache.commons.io.IOUtilsTestCase" time="0.006"/>
  <testcase name="testToBufferedInputStreamWithBufferSize_InputStream" classname="org.apache.commons.io.IOUtilsTestCase" time="0.009"/>
  <testcase name="testResourceToURL_Null_WithClassLoader" classname="org.apache.commons.io.IOUtilsTestCase" time="0.004"/>
  <testcase name="testCloseMulti" classname="org.apache.commons.io.IOUtilsTestCase" time="0.015"/>
  <testcase name="testAsWriterNull" classname="org.apache.commons.io.IOUtilsTestCase" time="0.006"/>
  <testcase name="testResourceToByteArray_Null_WithClassLoader" classname="org.apache.commons.io.IOUtilsTestCase" time="0.006"/>
  <testcase name="testToByteArray_InputStream_SizeIllegal" classname="org.apache.commons.io.IOUtilsTestCase" time="0.004"/>
  <testcase name="testToString_URI" classname="org.apache.commons.io.IOUtilsTestCase" time="0.005"/>
  <testcase name="testToString_URL" classname="org.apache.commons.io.IOUtilsTestCase" time="0.004"/>
  <testcase name="testResourceToURL_ExistingResourceAtSubPackage" classname="org.apache.commons.io.IOUtilsTestCase" time="0.006"/>
  <testcase name="testReadLines_InputStream_String" classname="org.apache.commons.io.IOUtilsTestCase" time="0.005"/>
  <testcase name="testCloseQuietly_ServerSocket" classname="org.apache.commons.io.IOUtilsTestCase" time="0.005"/>
  <testcase name="testResourceToString_ExistingResourceAtRootPackage_WithClassLoader" classname="org.apache.commons.io.IOUtilsTestCase" time="0.007"/>
  <testcase name="testCloseQuietly_CloseableIOException" classname="org.apache.commons.io.IOUtilsTestCase" time="0.005"/>
  <testcase name="testContentEquals_InputStream_InputStream" classname="org.apache.commons.io.IOUtilsTestCase" time="0.025"/>
  <testcase name="testReadFully_Reader" classname="org.apache.commons.io.IOUtilsTestCase" time="0.004"/>
  <testcase name="testToCharArray_InputStream_CharsetName" classname="org.apache.commons.io.IOUtilsTestCase" time="0.011"/>
  <testcase name="testResourceToByteArray_NonExistingResource" classname="org.apache.commons.io.IOUtilsTestCase" time="0.005"/>
  <testcase name="testResourceToByteArray_ExistingResourceAtRootPackage" classname="org.apache.commons.io.IOUtilsTestCase" time="0.006"/>
  <testcase name="testCopyLarge_CharSkipInvalid" classname="org.apache.commons.io.IOUtilsTestCase" time="0.004"/>
</testsuite>